#
# There is insufficient memory for the Java Runtime Environment to continue.
# Native memory allocation (mmap) failed to map 266338304 bytes for G1 virtual space
# Possible reasons:
#   The system is out of physical RAM or swap space
#   The process is running with CompressedOops enabled, and the Java Heap may be blocking the growth of the native heap
# Possible solutions:
#   Reduce memory load on the system
#   Increase physical memory or swap space
#   Check if swap backing store is full
#   Decrease Java heap size (-Xmx/-Xms)
#   Decrease number of Java threads
#   Decrease Java thread stack sizes (-Xss)
#   Set larger code cache with -XX:ReservedCodeCacheSize=
#   JVM is running with Zero Based Compressed Oops mode in which the Java heap is
#     placed in the first 32GB address space. The Java Heap base address is the
#     maximum limit for the native heap growth. Please use -XX:HeapBaseMinAddress
#     to set the Java Heap base and to place the Java Heap above 32GB virtual address.
# This output file may be truncated or incomplete.
#
#  Out of Memory Error (os_windows.cpp:3600), pid=19992, tid=9624
#
# JRE version:  (21.0.2+13) (build )
# Java VM: OpenJDK 64-Bit Server VM (21.0.2+13-58, mixed mode, sharing, tiered, compressed oops, compressed class ptrs, g1 gc, windows-amd64)
# No core dump will be written. Minidumps are not enabled by default on client versions of Windows
#

---------------  S U M M A R Y ------------

Command Line: -Dfile.encoding=UTF-8 -Dstdout.encoding=UTF-8 -Dstderr.encoding=UTF-8 --module-path=C:\Users\human-05\JAVA-Student\HotelProject\libs\ojdbc8-23.3.0.23.09.jar -XX:+ShowCodeDetailsInExceptionMessages com.hotel.HotelReservationSystem

Host: Intel(R) Core(TM) i7-4770 CPU @ 3.40GHz, 8 cores, 15G,  Windows 10 , 64 bit Build 19041 (10.0.19041.3636)
Time: Fri Jun 21 12:35:06 2024  Windows 10 , 64 bit Build 19041 (10.0.19041.3636) elapsed time: 0.018869 seconds (0d 0h 0m 0s)

---------------  T H R E A D  ---------------

Current thread (0x00000181a75290c0):  JavaThread "Unknown thread" [_thread_in_vm, id=9624, stack(0x0000000ee1600000,0x0000000ee1700000) (1024K)]

Stack: [0x0000000ee1600000,0x0000000ee1700000]
Native frames: (J=compiled Java code, j=interpreted, Vv=VM code, C=native code)
V  [jvm.dll+0x6cade9]
V  [jvm.dll+0x8569c1]
V  [jvm.dll+0x858d2e]
V  [jvm.dll+0x859413]
V  [jvm.dll+0x280e56]
V  [jvm.dll+0x6c74d5]
V  [jvm.dll+0x6bbeca]
V  [jvm.dll+0x355bca]
V  [jvm.dll+0x35d816]
V  [jvm.dll+0x3ae67e]
V  [jvm.dll+0x3ae928]
V  [jvm.dll+0x3295dc]
V  [jvm.dll+0x32a16b]
V  [jvm.dll+0x81efa9]
V  [jvm.dll+0x3bba01]
V  [jvm.dll+0x807928]
V  [jvm.dll+0x44f50e]
V  [jvm.dll+0x450e11]
C  [jli.dll+0x52a3]
C  [ucrtbase.dll+0x21bb2]
C  [KERNEL32.DLL+0x17344]
C  [ntdll.dll+0x4cc91]


---------------  P R O C E S S  ---------------

Threads class SMR info:
_java_thread_list=0x00007ffb92c7bb88, length=0, elements={
}

Java Threads: ( => current thread )
Total: 0

Other Threads:
  0x00000181a980f450 WorkerThread "GC Thread#0"                     [id=19512, stack(0x0000000ee1700000,0x0000000ee1800000) (1024K)]
  0x00000181a9820b80 ConcurrentGCThread "G1 Main Marker"            [id=9952, stack(0x0000000ee1800000,0x0000000ee1900000) (1024K)]
  0x00000181a9821680 WorkerThread "G1 Conc#0"                       [id=17996, stack(0x0000000ee1900000,0x0000000ee1a00000) (1024K)]

[error occurred during error reporting (printing all threads), id 0xc0000005, EXCEPTION_ACCESS_VIOLATION (0xc0000005) at pc=0x00007ffb923ec6a7]
VM state: not at safepoint (not fully initialized)

VM Mutex/Monitor currently owned by a thread:  ([mutex/lock_event])
[0x00007ffb92cece68] Heap_lock - owner thread: 0x00000181a75290c0

Heap address: 0x0000000702000000, size: 4064 MB, Compressed Oops mode: Zero based, Oop shift amount: 3

CDS archive(s) mapped at: [0x0000000000000000-0x0000000000000000-0x0000000000000000), size 0, SharedBaseAddress: 0x0000000800000000, ArchiveRelocationMode: 1.
Narrow klass base: 0x0000000000000000, Narrow klass shift: 0, Narrow klass range: 0x0

GC Precious Log:
 CardTable entry size: 512
 Card Set container configuration: InlinePtr #cards 4 size 8 Array Of Cards #cards 16 size 48 Howl #buckets 8 coarsen threshold 3686 Howl Bitmap #cards 512 size 80 coarsen threshold 460 Card regions per heap region 1 cards per card region 4096

Heap:
 garbage-first heap   total 0K, used 0K [0x0000000702000000, 0x0000000800000000)
  region size 2048K, 0 young (0K), 0 survivors (0K)

[error occurred during error reporting (printing heap information), id 0xc0000005, EXCEPTION_ACCESS_VIOLATION (0xc0000005) at pc=0x00007ffb927d39f9]
GC Heap History (0 events):
No events

Dll operation events (1 events):
Event: 0.011 Loaded shared library C:\Program Files\java\jdk-21.0.2\bin\java.dll

Deoptimization events (0 events):
No events

Classes loaded (0 events):
No events

Classes unloaded (0 events):
No events

Classes redefined (0 events):
No events

Internal exceptions (0 events):
No events

ZGC Phase Switch (0 events):
No events

VM Operations (0 events):
No events

Events (0 events):
No events


Dynamic libraries:
0x00007ff69b1b0000 - 0x00007ff69b1be000 	C:\Program Files\java\jdk-21.0.2\bin\javaw.exe
0x00007ffbcba70000 - 0x00007ffbcbc68000 	C:\Windows\SYSTEM32\ntdll.dll
0x00007ffbca000000 - 0x00007ffbca0bd000 	C:\Windows\System32\KERNEL32.DLL
0x00007ffbc9630000 - 0x00007ffbc9926000 	C:\Windows\System32\KERNELBASE.dll
0x00007ffbc9960000 - 0x00007ffbc9a60000 	C:\Windows\System32\ucrtbase.dll
0x00007ffbc2c20000 - 0x00007ffbc2c38000 	C:\Program Files\java\jdk-21.0.2\bin\jli.dll
0x00007ffbc6100000 - 0x00007ffbc611b000 	C:\Program Files\java\jdk-21.0.2\bin\VCRUNTIME140.dll
0x00007ffbca6e0000 - 0x00007ffbca87f000 	C:\Windows\System32\USER32.dll
0x00007ffbc9450000 - 0x00007ffbc9472000 	C:\Windows\System32\win32u.dll
0x00007ffbc9b70000 - 0x00007ffbc9b9b000 	C:\Windows\System32\GDI32.dll
0x00007ffbba0e0000 - 0x00007ffbba37a000 	C:\Windows\WinSxS\amd64_microsoft.windows.common-controls_6595b64144ccf1df_6.0.19041.4355_none_60b8b9eb71f62e16\COMCTL32.dll
0x00007ffbc9510000 - 0x00007ffbc9627000 	C:\Windows\System32\gdi32full.dll
0x00007ffbca0c0000 - 0x00007ffbca15e000 	C:\Windows\System32\msvcrt.dll
0x00007ffbc9250000 - 0x00007ffbc92ed000 	C:\Windows\System32\msvcp_win.dll
0x00007ffbca620000 - 0x00007ffbca64f000 	C:\Windows\System32\IMM32.DLL
0x00007ffbc6130000 - 0x00007ffbc613c000 	C:\Program Files\java\jdk-21.0.2\bin\vcruntime140_1.dll
0x00007ffbc0fa0000 - 0x00007ffbc102e000 	C:\Program Files\java\jdk-21.0.2\bin\msvcp140.dll
0x00007ffb920b0000 - 0x00007ffb92dc7000 	C:\Program Files\java\jdk-21.0.2\bin\server\jvm.dll
0x00007ffbcb700000 - 0x00007ffbcb7b0000 	C:\Windows\System32\ADVAPI32.dll
0x00007ffbcb660000 - 0x00007ffbcb700000 	C:\Windows\System32\sechost.dll
0x00007ffbc9ed0000 - 0x00007ffbc9ff3000 	C:\Windows\System32\RPCRT4.dll
0x00007ffbc9930000 - 0x00007ffbc9957000 	C:\Windows\System32\bcrypt.dll
0x00007ffbca170000 - 0x00007ffbca1db000 	C:\Windows\System32\WS2_32.dll
0x00007ffbc8a20000 - 0x00007ffbc8a6b000 	C:\Windows\SYSTEM32\POWRPROF.dll
0x00007ffbb3e40000 - 0x00007ffbb3e67000 	C:\Windows\SYSTEM32\WINMM.dll
0x00007ffbbaaf0000 - 0x00007ffbbaafa000 	C:\Windows\SYSTEM32\VERSION.dll
0x00007ffbc8a00000 - 0x00007ffbc8a12000 	C:\Windows\SYSTEM32\UMPDC.dll
0x00007ffbc7920000 - 0x00007ffbc7932000 	C:\Windows\SYSTEM32\kernel.appcore.dll
0x00007ffbc5ef0000 - 0x00007ffbc5efa000 	C:\Program Files\java\jdk-21.0.2\bin\jimage.dll
0x00007ffbb7e10000 - 0x00007ffbb7ff4000 	C:\Windows\SYSTEM32\DBGHELP.DLL
0x00007ffbb7310000 - 0x00007ffbb7344000 	C:\Windows\SYSTEM32\dbgcore.DLL
0x00007ffbc9480000 - 0x00007ffbc9502000 	C:\Windows\System32\bcryptPrimitives.dll
0x00007ffbc5ed0000 - 0x00007ffbc5eef000 	C:\Program Files\java\jdk-21.0.2\bin\java.dll

dbghelp: loaded successfully - version: 4.0.5 - missing functions: none
symbol engine: initialized successfully - sym options: 0x614 - pdb path: .;C:\Program Files\java\jdk-21.0.2\bin;C:\Windows\SYSTEM32;C:\Windows\WinSxS\amd64_microsoft.windows.common-controls_6595b64144ccf1df_6.0.19041.4355_none_60b8b9eb71f62e16;C:\Program Files\java\jdk-21.0.2\bin\server

VM Arguments:
jvm_args: -Dfile.encoding=UTF-8 -Dstdout.encoding=UTF-8 -Dstderr.encoding=UTF-8 --module-path=C:\Users\human-05\JAVA-Student\HotelProject\libs\ojdbc8-23.3.0.23.09.jar -XX:+ShowCodeDetailsInExceptionMessages 
java_command: com.hotel.HotelReservationSystem
java_class_path (initial): C:\Users\human-05\JAVA-Student\HotelProject\bin
Launcher Type: SUN_STANDARD

[Global flags]
     intx CICompilerCount                          = 4                                         {product} {ergonomic}
     uint ConcGCThreads                            = 2                                         {product} {ergonomic}
     uint G1ConcRefinementThreads                  = 8                                         {product} {ergonomic}
   size_t G1HeapRegionSize                         = 2097152                                   {product} {ergonomic}
    uintx GCDrainStackTargetSize                   = 64                                        {product} {ergonomic}
   size_t InitialHeapSize                          = 266338304                                 {product} {ergonomic}
   size_t MarkStackSize                            = 4194304                                   {product} {ergonomic}
   size_t MaxHeapSize                              = 4261412864                                {product} {ergonomic}
   size_t MinHeapDeltaBytes                        = 2097152                                   {product} {ergonomic}
   size_t MinHeapSize                              = 8388608                                   {product} {ergonomic}
    uintx NonNMethodCodeHeapSize                   = 5839372                                {pd product} {ergonomic}
    uintx NonProfiledCodeHeapSize                  = 122909434                              {pd product} {ergonomic}
    uintx ProfiledCodeHeapSize                     = 122909434                              {pd product} {ergonomic}
    uintx ReservedCodeCacheSize                    = 251658240                              {pd product} {ergonomic}
     bool SegmentedCodeCache                       = true                                      {product} {ergonomic}
     bool ShowCodeDetailsInExceptionMessages       = true                                   {manageable} {command line}
   size_t SoftMaxHeapSize                          = 4261412864                             {manageable} {ergonomic}
     bool UseCompressedOops                        = true                           {product lp64_product} {ergonomic}
     bool UseG1GC                                  = true                                      {product} {ergonomic}
     bool UseLargePagesIndividualAllocation        = false                                  {pd product} {ergonomic}

Logging:
Log output configuration:
 #0: stdout all=warning uptime,level,tags foldmultilines=false
 #1: stderr all=off uptime,level,tags foldmultilines=false

Environment Variables:
JAVA_HOME=C:\Program Files\java\jdk-21.0.2
PATH=C:/Program Files/java/jdk-21.0.2/bin/server;C:/Program Files/java/jdk-21.0.2/bin;C:\Users\human-05\Desktop\WINDOWS.X64_193000_db_home\bin;C:\Windows\system32;C:\Windows;C:\Windows\System32\Wbem;C:\Windows\System32\WindowsPowerShell\v1.0\;C:\Windows\System32\OpenSSH\;C:\Program Files\Bandizip\;C:\Program Files\Docker\Docker\resources\bin;C:\Program Files\MySQL\MySQL Shell 8.0\bin\;C:\Users\human-05\AppData\Local\Microsoft\WindowsApps;C:\Users\human-05\AppData\Local\Programs\Microsoft VS Code\bin;C:\Program Files\java\jdk-21.0.2\bin;;C:\Program Files\JetBrains\IntelliJ IDEA Community Edition 2024.1.1\bin;;C:\Users\human-05\Desktop;
USERNAME=human-05
OS=Windows_NT
PROCESSOR_IDENTIFIER=Intel64 Family 6 Model 60 Stepping 3, GenuineIntel
TMP=C:\Users\human-05\AppData\Local\Temp
TEMP=C:\Users\human-05\AppData\Local\Temp




Periodic native trim disabled

---------------  S Y S T E M  ---------------

OS:
 Windows 10 , 64 bit Build 19041 (10.0.19041.3636)
OS uptime: 3 days 3:47 hours
Hyper-V role detected

CPU: total 8 (initial active 8) (4 cores per cpu, 2 threads per core) family 6 model 60 stepping 3 microcode 0x27, cx8, cmov, fxsr, ht, mmx, sse, sse2, sse3, ssse3, sse4.1, sse4.2, popcnt, lzcnt, tsc, tscinvbit, avx, avx2, aes, erms, clmul, bmi1, bmi2, fma, vzeroupper, clflush, hv, rdtscp, f16c
Processor Information for all 8 processors :
  Max Mhz: 3401, Current Mhz: 3401, Mhz Limit: 3401

Memory: 4k page, system-wide physical 16255M (7149M free)
TotalPageFile size 31352M (AvailPageFile size 162M)
current process WorkingSet (physical memory assigned to process): 11M, peak: 11M
current process commit charge ("private bytes"): 60M, peak: 314M

vm_info: OpenJDK 64-Bit Server VM (21.0.2+13-58) for windows-amd64 JRE (21.0.2+13-58), built on 2024-01-05T18:32:24Z by "mach5one" with MS VC++ 17.1 (VS2022)

END.
